<?xml version="1.0" encoding="UTF-8"?>
<testsuite name="org.crypto.staticdata.H2DatabaseOpsTest" tests="2" skipped="0" failures="0" errors="0" timestamp="2020-01-12T12:49:45" hostname="ADITYAs-MacBook-Pro.local" time="5.641">
  <properties/>
  <testcase name="testGetOptions" classname="org.crypto.staticdata.H2DatabaseOpsTest" time="5.59"/>
  <testcase name="testGetStocks" classname="org.crypto.staticdata.H2DatabaseOpsTest" time="0.051"/>
  <system-out><![CDATA[]]></system-out>
  <system-err><![CDATA[]]></system-err>
</testsuite>
